#
# There is insufficient memory for the Java Runtime Environment to continue.
# Native memory allocation (malloc) failed to allocate 1940416 bytes for Chunk::new
# Possible reasons:
#   The system is out of physical RAM or swap space
#   The process is running with CompressedOops enabled, and the Java Heap may be blocking the growth of the native heap
# Possible solutions:
#   Reduce memory load on the system
#   Increase physical memory or swap space
#   Check if swap backing store is full
#   Decrease Java heap size (-Xmx/-Xms)
#   Decrease number of Java threads
#   Decrease Java thread stack sizes (-Xss)
#   Set larger code cache with -XX:ReservedCodeCacheSize=
#   JVM is running with Unscaled Compressed Oops mode in which the Java heap is
#     placed in the first 4GB address space. The Java Heap base address is the
#     maximum limit for the native heap growth. Please use -XX:HeapBaseMinAddress
#     to set the Java Heap base and to place the Java Heap above 4GB virtual address.
# This output file may be truncated or incomplete.
#
#  Out of Memory Error (arena.cpp:189), pid=12804, tid=15280
#
# JRE version: OpenJDK Runtime Environment Temurin-17.0.6+10 (17.0.6+10) (build 17.0.6+10)
# Java VM: OpenJDK 64-Bit Server VM Temurin-17.0.6+10 (17.0.6+10, mixed mode, tiered, compressed oops, compressed class ptrs, parallel gc, windows-amd64)
# No core dump will be written. Minidumps are not enabled by default on client versions of Windows
#

---------------  S U M M A R Y ------------

Command Line: --add-modules=ALL-SYSTEM --add-opens=java.base/java.util=ALL-UNNAMED --add-opens=java.base/java.lang=ALL-UNNAMED --add-opens=java.base/sun.nio.fs=ALL-UNNAMED -Declipse.application=org.eclipse.jdt.ls.core.id1 -Dosgi.bundles.defaultStartLevel=4 -Declipse.product=org.eclipse.jdt.ls.core.product -Djava.import.generatesMetadataFilesAtProjectRoot=false -Dfile.encoding=utf8 -XX:+UseParallelGC -XX:GCTimeRatio=4 -XX:AdaptiveSizePolicyWeight=90 -Dsun.zip.disableMemoryMapping=true -Xmx1G -Xms100m -Xlog:disable -javaagent:c:\Users\dell\.vscode\extensions\redhat.java-1.16.0-win32-x64\lombok\lombok-1.18.24.jar -XX:+HeapDumpOnOutOfMemoryError -XX:HeapDumpPath=c:\Users\dell\AppData\Roaming\Code\User\workspaceStorage\dae59d9cafb117707c20a1bda276f9ce\redhat.java c:\Users\dell\.vscode\extensions\redhat.java-1.16.0-win32-x64\server\plugins\org.eclipse.equinox.launcher_1.6.400.v20210924-0641.jar -configuration c:\Users\dell\AppData\Roaming\Code\User\globalStorage\redhat.java\1.16.0\config_win -data c:\Users\dell\AppData\Roaming\Code\User\workspaceStorage\dae59d9cafb117707c20a1bda276f9ce\redhat.java\jdt_ws

Host: Intel(R) Core(TM) i3-10110U CPU @ 2.10GHz, 4 cores, 3G,  Windows 10 , 64 bit Build 19041 (10.0.19041.2546)
Time: Fri Apr  7 14:27:53 2023 SE Asia Standard Time elapsed time: 18.519688 seconds (0d 0h 0m 18s)

---------------  T H R E A D  ---------------

Current thread (0x0000025b4f3a3dc0):  JavaThread "C2 CompilerThread0" daemon [_thread_in_native, id=15280, stack(0x000000a1b7300000,0x000000a1b7400000)]


Current CompileTask:
C2:  18519 3966   !   4       org.eclipse.osgi.internal.loader.classpath.ClasspathManager::defineClass (636 bytes)

Stack: [0x000000a1b7300000,0x000000a1b7400000]
Native frames: (J=compiled Java code, j=interpreted, Vv=VM code, C=native code)
V  [jvm.dll+0x67741a]
V  [jvm.dll+0x834434]
V  [jvm.dll+0x835bde]
V  [jvm.dll+0x836243]
V  [jvm.dll+0x2457b5]
V  [jvm.dll+0xabafc]
V  [jvm.dll+0xac0cc]
V  [jvm.dll+0x3634e7]
V  [jvm.dll+0x32dda1]
V  [jvm.dll+0x32d24a]
V  [jvm.dll+0x2185f1]
V  [jvm.dll+0x217a11]
V  [jvm.dll+0x1a3d0d]
V  [jvm.dll+0x22742a]
V  [jvm.dll+0x225565]
V  [jvm.dll+0x7ea2cb]
V  [jvm.dll+0x7e483a]
V  [jvm.dll+0x6762c5]
C  [ucrtbase.dll+0x21bb2]
C  [KERNEL32.DLL+0x17614]
C  [ntdll.dll+0x526a1]


---------------  P R O C E S S  ---------------

Threads class SMR info:
_java_thread_list=0x0000025b51041c10, length=23, elements={
0x0000025b3b553c90, 0x0000025b4f374740, 0x0000025b4f376350, 0x0000025b4f39f680,
0x0000025b4f3a2050, 0x0000025b4f3a2910, 0x0000025b4f3a31d0, 0x0000025b4f3a3dc0,
0x0000025b4f3db1a0, 0x0000025b50d20d80, 0x0000025b50db4020, 0x0000025b510384d0,
0x0000025b515fc0d0, 0x0000025b5187e530, 0x0000025b5187b420, 0x0000025b518abf30,
0x0000025b5256c860, 0x0000025b528b9e40, 0x0000025b528b6480, 0x0000025b528b6950,
0x0000025b528b8fd0, 0x0000025b528b72f0, 0x0000025b528b9970
}

Java Threads: ( => current thread )
  0x0000025b3b553c90 JavaThread "main" [_thread_in_Java, id=12908, stack(0x000000a1b6a00000,0x000000a1b6b00000)]
  0x0000025b4f374740 JavaThread "Reference Handler" daemon [_thread_blocked, id=7760, stack(0x000000a1b6d00000,0x000000a1b6e00000)]
  0x0000025b4f376350 JavaThread "Finalizer" daemon [_thread_blocked, id=10896, stack(0x000000a1b6e00000,0x000000a1b6f00000)]
  0x0000025b4f39f680 JavaThread "Signal Dispatcher" daemon [_thread_blocked, id=11900, stack(0x000000a1b6f00000,0x000000a1b7000000)]
  0x0000025b4f3a2050 JavaThread "Attach Listener" daemon [_thread_blocked, id=12644, stack(0x000000a1b7000000,0x000000a1b7100000)]
  0x0000025b4f3a2910 JavaThread "Service Thread" daemon [_thread_blocked, id=14052, stack(0x000000a1b7100000,0x000000a1b7200000)]
  0x0000025b4f3a31d0 JavaThread "Monitor Deflation Thread" daemon [_thread_blocked, id=14056, stack(0x000000a1b7200000,0x000000a1b7300000)]
=>0x0000025b4f3a3dc0 JavaThread "C2 CompilerThread0" daemon [_thread_in_native, id=15280, stack(0x000000a1b7300000,0x000000a1b7400000)]
  0x0000025b4f3db1a0 JavaThread "C1 CompilerThread0" daemon [_thread_blocked, id=13848, stack(0x000000a1b7400000,0x000000a1b7500000)]
  0x0000025b50d20d80 JavaThread "Sweeper thread" daemon [_thread_blocked, id=4228, stack(0x000000a1b7500000,0x000000a1b7600000)]
  0x0000025b50db4020 JavaThread "Common-Cleaner" daemon [_thread_blocked, id=9224, stack(0x000000a1b7600000,0x000000a1b7700000)]
  0x0000025b510384d0 JavaThread "Notification Thread" daemon [_thread_blocked, id=2516, stack(0x000000a1b7700000,0x000000a1b7800000)]
  0x0000025b515fc0d0 JavaThread "Active Thread: Equinox Container: 72f3d004-4b47-45eb-a629-cd2b622bfbbc" [_thread_blocked, id=3216, stack(0x000000a1b7c00000,0x000000a1b7d00000)]
  0x0000025b5187e530 JavaThread "Framework Event Dispatcher: Equinox Container: 72f3d004-4b47-45eb-a629-cd2b622bfbbc" daemon [_thread_blocked, id=11680, stack(0x000000a1b7d00000,0x000000a1b7e00000)]
  0x0000025b5187b420 JavaThread "Start Level: Equinox Container: 72f3d004-4b47-45eb-a629-cd2b622bfbbc" daemon [_thread_blocked, id=9284, stack(0x000000a1b7e00000,0x000000a1b7f00000)]
  0x0000025b518abf30 JavaThread "SCR Component Actor" daemon [_thread_blocked, id=2936, stack(0x000000a1b7f00000,0x000000a1b8000000)]
  0x0000025b5256c860 JavaThread "Worker-JM" [_thread_blocked, id=14012, stack(0x000000a1b8100000,0x000000a1b8200000)]
  0x0000025b528b9e40 JavaThread "Worker-0" [_thread_blocked, id=15336, stack(0x000000a1b8200000,0x000000a1b8300000)]
  0x0000025b528b6480 JavaThread "Worker-1: Repository registry initialization" [_thread_in_Java, id=5336, stack(0x000000a1b8300000,0x000000a1b8400000)]
  0x0000025b528b6950 JavaThread "Java indexing" daemon [_thread_blocked, id=15104, stack(0x000000a1b8400000,0x000000a1b8500000)]
  0x0000025b528b8fd0 JavaThread "Worker-2" [_thread_blocked, id=16660, stack(0x000000a1b8500000,0x000000a1b8600000)]
  0x0000025b528b72f0 JavaThread "JNA Cleaner" daemon [_thread_blocked, id=18356, stack(0x000000a1b8600000,0x000000a1b8700000)]
  0x0000025b528b9970 JavaThread "pool-2-thread-1" [_thread_in_vm, id=14872, stack(0x000000a1b8000000,0x000000a1b8100000)]

Other Threads:
  0x0000025b4f359aa0 VMThread "VM Thread" [stack: 0x000000a1b6c00000,0x000000a1b6d00000] [id=11204]
  0x0000025b510389a0 WatcherThread [stack: 0x000000a1b7800000,0x000000a1b7900000] [id=16028]
  0x0000025b3b568ba0 GCTaskThread "GC Thread#0" [stack: 0x000000a1b6b00000,0x000000a1b6c00000] [id=17368]
  0x0000025b515c0410 GCTaskThread "GC Thread#1" [stack: 0x000000a1b7900000,0x000000a1b7a00000] [id=508]
  0x0000025b515c06c0 GCTaskThread "GC Thread#2" [stack: 0x000000a1b7a00000,0x000000a1b7b00000] [id=6348]
  0x0000025b515bf4a0 GCTaskThread "GC Thread#3" [stack: 0x000000a1b7b00000,0x000000a1b7c00000] [id=8908]

Threads with active compile tasks:
C2 CompilerThread0    18567 3966   !   4       org.eclipse.osgi.internal.loader.classpath.ClasspathManager::defineClass (636 bytes)

VM state: not at safepoint (normal execution)

VM Mutex/Monitor currently owned by a thread: None

Heap address: 0x00000000c0000000, size: 1024 MB, Compressed Oops mode: 32-bit

CDS archive(s) not mapped
Compressed class space mapped at: 0x0000000100000000-0x0000000140000000, reserved size: 1073741824
Narrow klass base: 0x0000000000000000, Narrow klass shift: 3, Narrow klass range: 0x140000000

GC Precious Log:
 CPUs: 4 total, 4 available
 Memory: 3857M
 Large Page Support: Disabled
 NUMA Support: Disabled
 Compressed Oops: Enabled (32-bit)
 Alignments: Space 512K, Generation 512K, Heap 2M
 Heap Min Capacity: 100M
 Heap Initial Capacity: 100M
 Heap Max Capacity: 1G
 Pre-touch: Disabled
 Parallel Workers: 4

Heap:
 PSYoungGen      total 24576K, used 20422K [0x00000000eab00000, 0x00000000ec700000, 0x0000000100000000)
  eden space 23040K, 83% used [0x00000000eab00000,0x00000000ebdc1b18,0x00000000ec180000)
  from space 1536K, 79% used [0x00000000ec580000,0x00000000ec6b0000,0x00000000ec700000)
  to   space 2048K, 0% used [0x00000000ec300000,0x00000000ec300000,0x00000000ec500000)
 ParOldGen       total 68608K, used 12307K [0x00000000c0000000, 0x00000000c4300000, 0x00000000eab00000)
  object space 68608K, 17% used [0x00000000c0000000,0x00000000c0c04e98,0x00000000c4300000)
 Metaspace       used 41485K, committed 42240K, reserved 1089536K
  class space    used 4402K, committed 4736K, reserved 1048576K

Card table byte_map: [0x0000025b3af00000,0x0000025b3b110000] _byte_map_base: 0x0000025b3a900000

Marking Bits: (ParMarkBitMap*) 0x00007ffe523e3e70
 Begin Bits: [0x0000025b4d1e0000, 0x0000025b4e1e0000)
 End Bits:   [0x0000025b4e1e0000, 0x0000025b4f1e0000)

Polling page: 0x0000025b392d0000

Metaspace:

Usage:
  Non-class:     36.21 MB used.
      Class:      4.30 MB used.
       Both:     40.51 MB used.

Virtual space:
  Non-class space:       40.00 MB reserved,      36.62 MB ( 92%) committed,  5 nodes.
      Class space:        1.00 GB reserved,       4.62 MB ( <1%) committed,  1 nodes.
             Both:        1.04 GB reserved,      41.25 MB (  4%) committed. 

Chunk freelists:
   Non-Class:  2.70 MB
       Class:  3.22 MB
        Both:  5.92 MB

MaxMetaspaceSize: unlimited
CompressedClassSpaceSize: 1.00 GB
Initial GC threshold: 21.00 MB
Current GC threshold: 58.38 MB
CDS: off
MetaspaceReclaimPolicy: balanced
 - commit_granule_bytes: 65536.
 - commit_granule_words: 8192.
 - virtual_space_node_default_size: 1048576.
 - enlarge_chunks_in_place: 1.
 - new_chunks_are_fully_committed: 0.
 - uncommit_free_chunks: 1.
 - use_allocation_guard: 0.
 - handle_deallocations: 1.


Internal statistics:

num_allocs_failed_limit: 6.
num_arena_births: 552.
num_arena_deaths: 14.
num_vsnodes_births: 6.
num_vsnodes_deaths: 0.
num_space_committed: 660.
num_space_uncommitted: 0.
num_chunks_returned_to_freelist: 20.
num_chunks_taken_from_freelist: 2031.
num_chunk_merges: 7.
num_chunk_splits: 1260.
num_chunks_enlarged: 723.
num_purges: 2.
num_inconsistent_stats: 0.

CodeHeap 'non-profiled nmethods': size=120000Kb used=1785Kb max_used=1785Kb free=118214Kb
 bounds [0x0000025b45cb0000, 0x0000025b45f20000, 0x0000025b4d1e0000]
CodeHeap 'profiled nmethods': size=120000Kb used=8245Kb max_used=8245Kb free=111754Kb
 bounds [0x0000025b3e1e0000, 0x0000025b3e9f0000, 0x0000025b45710000]
CodeHeap 'non-nmethods': size=5760Kb used=1266Kb max_used=1316Kb free=4493Kb
 bounds [0x0000025b45710000, 0x0000025b45980000, 0x0000025b45cb0000]
 total_blobs=4694 nmethods=4105 adapters=503
 compilation: enabled
              stopped_count=0, restarted_count=0
 full_count=0

Compilation events (20 events):
Event: 18.437 Thread 0x0000025b4f3db1a0 4105   !   3       com.google.inject.internal.InjectorImpl$1::get (79 bytes)
Event: 18.438 Thread 0x0000025b4f3db1a0 nmethod 4105 0x0000025b3e9e8f90 code [0x0000025b3e9e91c0, 0x0000025b3e9e98c8]
Event: 18.438 Thread 0x0000025b4f3db1a0 4106       1       org.eclipse.sisu.inject.RankedBindings::type (5 bytes)
Event: 18.438 Thread 0x0000025b4f3db1a0 nmethod 4106 0x0000025b45e6d710 code [0x0000025b45e6d8a0, 0x0000025b45e6d978]
Event: 18.438 Thread 0x0000025b4f3db1a0 4107       1       org.eclipse.sisu.space.WildcardKey$QualifiedImpl::get (5 bytes)
Event: 18.438 Thread 0x0000025b4f3db1a0 nmethod 4107 0x0000025b45e6da10 code [0x0000025b45e6dba0, 0x0000025b45e6dc78]
Event: 18.441 Thread 0x0000025b4f3db1a0 4108       3       org.eclipse.sisu.inject.RankedSequence$Itr::hasNext (114 bytes)
Event: 18.442 Thread 0x0000025b4f3db1a0 nmethod 4108 0x0000025b3e9e9d10 code [0x0000025b3e9e9ee0, 0x0000025b3e9ea388]
Event: 18.442 Thread 0x0000025b4f3db1a0 4109       3       org.eclipse.sisu.inject.LocatedBeans$Itr::hasNext (161 bytes)
Event: 18.443 Thread 0x0000025b4f3db1a0 nmethod 4109 0x0000025b3e9ea510 code [0x0000025b3e9ea7a0, 0x0000025b3e9eb328]
Event: 18.443 Thread 0x0000025b4f3db1a0 4110   !   3       com.google.inject.internal.ProvisionListenerStackCallback::provision (105 bytes)
Event: 18.444 Thread 0x0000025b4f3db1a0 nmethod 4110 0x0000025b3e9eb790 code [0x0000025b3e9eb9a0, 0x0000025b3e9ec338]
Event: 18.444 Thread 0x0000025b4f3db1a0 4111       1       com.google.inject.spi.ProviderLookup::access$000 (5 bytes)
Event: 18.444 Thread 0x0000025b4f3db1a0 nmethod 4111 0x0000025b45e6dd10 code [0x0000025b45e6dea0, 0x0000025b45e6df58]
Event: 18.444 Thread 0x0000025b4f3db1a0 4112       1       com.google.inject.internal.ConstructionContext::getCurrentReference (5 bytes)
Event: 18.444 Thread 0x0000025b4f3db1a0 nmethod 4112 0x0000025b45e6e010 code [0x0000025b45e6e1a0, 0x0000025b45e6e278]
Event: 18.444 Thread 0x0000025b4f3db1a0 4113       1       com.google.inject.internal.ConstructionContext::setCurrentReference (6 bytes)
Event: 18.445 Thread 0x0000025b4f3db1a0 nmethod 4113 0x0000025b45e6e310 code [0x0000025b45e6e4a0, 0x0000025b45e6e578]
Event: 18.446 Thread 0x0000025b4f3db1a0 4114   !   3       com.google.inject.internal.InjectorImpl::getBinding (45 bytes)
Event: 18.447 Thread 0x0000025b4f3db1a0 nmethod 4114 0x0000025b3e9ec690 code [0x0000025b3e9ec900, 0x0000025b3e9ed1d8]

GC Heap History (20 events):
Event: 10.466 GC heap before
{Heap before GC invocations=3 (full 0):
 PSYoungGen      total 29696K, used 29694K [0x00000000eab00000, 0x00000000ecc00000, 0x0000000100000000)
  eden space 25600K, 100% used [0x00000000eab00000,0x00000000ec400000,0x00000000ec400000)
  from space 4096K, 99% used [0x00000000ec800000,0x00000000ecbffa60,0x00000000ecc00000)
  to   space 4096K, 0% used [0x00000000ec400000,0x00000000ec400000,0x00000000ec800000)
 ParOldGen       total 68608K, used 1408K [0x00000000c0000000, 0x00000000c4300000, 0x00000000eab00000)
  object space 68608K, 2% used [0x00000000c0000000,0x00000000c0160018,0x00000000c4300000)
 Metaspace       used 19885K, committed 20288K, reserved 1073152K
  class space    used 2005K, committed 2240K, reserved 1048576K
}
Event: 10.478 GC heap after
{Heap after GC invocations=3 (full 0):
 PSYoungGen      total 29696K, used 4093K [0x00000000eab00000, 0x00000000ecc00000, 0x0000000100000000)
  eden space 25600K, 0% used [0x00000000eab00000,0x00000000eab00000,0x00000000ec400000)
  from space 4096K, 99% used [0x00000000ec400000,0x00000000ec7ff410,0x00000000ec800000)
  to   space 4096K, 0% used [0x00000000ec800000,0x00000000ec800000,0x00000000ecc00000)
 ParOldGen       total 68608K, used 3741K [0x00000000c0000000, 0x00000000c4300000, 0x00000000eab00000)
  object space 68608K, 5% used [0x00000000c0000000,0x00000000c03a7620,0x00000000c4300000)
 Metaspace       used 19885K, committed 20288K, reserved 1073152K
  class space    used 2005K, committed 2240K, reserved 1048576K
}
Event: 11.142 GC heap before
{Heap before GC invocations=4 (full 0):
 PSYoungGen      total 29696K, used 11138K [0x00000000eab00000, 0x00000000ecc00000, 0x0000000100000000)
  eden space 25600K, 27% used [0x00000000eab00000,0x00000000eb1e17e0,0x00000000ec400000)
  from space 4096K, 99% used [0x00000000ec400000,0x00000000ec7ff410,0x00000000ec800000)
  to   space 4096K, 0% used [0x00000000ec800000,0x00000000ec800000,0x00000000ecc00000)
 ParOldGen       total 68608K, used 3741K [0x00000000c0000000, 0x00000000c4300000, 0x00000000eab00000)
  object space 68608K, 5% used [0x00000000c0000000,0x00000000c03a7620,0x00000000c4300000)
 Metaspace       used 21108K, committed 21504K, reserved 1073152K
  class space    used 2135K, committed 2368K, reserved 1048576K
}
Event: 11.149 GC heap after
{Heap after GC invocations=4 (full 0):
 PSYoungGen      total 29696K, used 4093K [0x00000000eab00000, 0x00000000ecc00000, 0x0000000100000000)
  eden space 25600K, 0% used [0x00000000eab00000,0x00000000eab00000,0x00000000ec400000)
  from space 4096K, 99% used [0x00000000ec800000,0x00000000ecbff410,0x00000000ecc00000)
  to   space 4096K, 0% used [0x00000000ec400000,0x00000000ec400000,0x00000000ec800000)
 ParOldGen       total 68608K, used 3997K [0x00000000c0000000, 0x00000000c4300000, 0x00000000eab00000)
  object space 68608K, 5% used [0x00000000c0000000,0x00000000c03e7620,0x00000000c4300000)
 Metaspace       used 21108K, committed 21504K, reserved 1073152K
  class space    used 2135K, committed 2368K, reserved 1048576K
}
Event: 11.149 GC heap before
{Heap before GC invocations=5 (full 1):
 PSYoungGen      total 29696K, used 4093K [0x00000000eab00000, 0x00000000ecc00000, 0x0000000100000000)
  eden space 25600K, 0% used [0x00000000eab00000,0x00000000eab00000,0x00000000ec400000)
  from space 4096K, 99% used [0x00000000ec800000,0x00000000ecbff410,0x00000000ecc00000)
  to   space 4096K, 0% used [0x00000000ec400000,0x00000000ec400000,0x00000000ec800000)
 ParOldGen       total 68608K, used 3997K [0x00000000c0000000, 0x00000000c4300000, 0x00000000eab00000)
  object space 68608K, 5% used [0x00000000c0000000,0x00000000c03e7620,0x00000000c4300000)
 Metaspace       used 21108K, committed 21504K, reserved 1073152K
  class space    used 2135K, committed 2368K, reserved 1048576K
}
Event: 11.206 GC heap after
{Heap after GC invocations=5 (full 1):
 PSYoungGen      total 29696K, used 0K [0x00000000eab00000, 0x00000000ecc00000, 0x0000000100000000)
  eden space 25600K, 0% used [0x00000000eab00000,0x00000000eab00000,0x00000000ec400000)
  from space 4096K, 0% used [0x00000000ec800000,0x00000000ec800000,0x00000000ecc00000)
  to   space 4096K, 0% used [0x00000000ec400000,0x00000000ec400000,0x00000000ec800000)
 ParOldGen       total 68608K, used 7949K [0x00000000c0000000, 0x00000000c4300000, 0x00000000eab00000)
  object space 68608K, 11% used [0x00000000c0000000,0x00000000c07c36f0,0x00000000c4300000)
 Metaspace       used 21095K, committed 21504K, reserved 1073152K
  class space    used 2132K, committed 2368K, reserved 1048576K
}
Event: 12.892 GC heap before
{Heap before GC invocations=6 (full 1):
 PSYoungGen      total 29696K, used 25600K [0x00000000eab00000, 0x00000000ecc00000, 0x0000000100000000)
  eden space 25600K, 100% used [0x00000000eab00000,0x00000000ec400000,0x00000000ec400000)
  from space 4096K, 0% used [0x00000000ec800000,0x00000000ec800000,0x00000000ecc00000)
  to   space 4096K, 0% used [0x00000000ec400000,0x00000000ec400000,0x00000000ec800000)
 ParOldGen       total 68608K, used 7949K [0x00000000c0000000, 0x00000000c4300000, 0x00000000eab00000)
  object space 68608K, 11% used [0x00000000c0000000,0x00000000c07c36f0,0x00000000c4300000)
 Metaspace       used 24244K, committed 24896K, reserved 1073152K
  class space    used 2543K, committed 2816K, reserved 1048576K
}
Event: 12.895 GC heap after
{Heap after GC invocations=6 (full 1):
 PSYoungGen      total 27136K, used 1926K [0x00000000eab00000, 0x00000000ec980000, 0x0000000100000000)
  eden space 25088K, 0% used [0x00000000eab00000,0x00000000eab00000,0x00000000ec380000)
  from space 2048K, 94% used [0x00000000ec400000,0x00000000ec5e1a58,0x00000000ec600000)
  to   space 3072K, 0% used [0x00000000ec680000,0x00000000ec680000,0x00000000ec980000)
 ParOldGen       total 68608K, used 7957K [0x00000000c0000000, 0x00000000c4300000, 0x00000000eab00000)
  object space 68608K, 11% used [0x00000000c0000000,0x00000000c07c56f0,0x00000000c4300000)
 Metaspace       used 24244K, committed 24896K, reserved 1073152K
  class space    used 2543K, committed 2816K, reserved 1048576K
}
Event: 13.808 GC heap before
{Heap before GC invocations=7 (full 1):
 PSYoungGen      total 27136K, used 27014K [0x00000000eab00000, 0x00000000ec980000, 0x0000000100000000)
  eden space 25088K, 100% used [0x00000000eab00000,0x00000000ec380000,0x00000000ec380000)
  from space 2048K, 94% used [0x00000000ec400000,0x00000000ec5e1a58,0x00000000ec600000)
  to   space 3072K, 0% used [0x00000000ec680000,0x00000000ec680000,0x00000000ec980000)
 ParOldGen       total 68608K, used 7964K [0x00000000c0000000, 0x00000000c4300000, 0x00000000eab00000)
  object space 68608K, 11% used [0x00000000c0000000,0x00000000c07c7040,0x00000000c4300000)
 Metaspace       used 27751K, committed 28480K, reserved 1081344K
  class space    used 2793K, committed 3136K, reserved 1048576K
}
Event: 13.812 GC heap after
{Heap after GC invocations=7 (full 1):
 PSYoungGen      total 28160K, used 2622K [0x00000000eab00000, 0x00000000ec980000, 0x0000000100000000)
  eden space 25088K, 0% used [0x00000000eab00000,0x00000000eab00000,0x00000000ec380000)
  from space 3072K, 85% used [0x00000000ec680000,0x00000000ec90fb38,0x00000000ec980000)
  to   space 3072K, 0% used [0x00000000ec380000,0x00000000ec380000,0x00000000ec680000)
 ParOldGen       total 68608K, used 7972K [0x00000000c0000000, 0x00000000c4300000, 0x00000000eab00000)
  object space 68608K, 11% used [0x00000000c0000000,0x00000000c07c9040,0x00000000c4300000)
 Metaspace       used 27751K, committed 28480K, reserved 1081344K
  class space    used 2793K, committed 3136K, reserved 1048576K
}
Event: 14.771 GC heap before
{Heap before GC invocations=8 (full 1):
 PSYoungGen      total 28160K, used 27710K [0x00000000eab00000, 0x00000000ec980000, 0x0000000100000000)
  eden space 25088K, 100% used [0x00000000eab00000,0x00000000ec380000,0x00000000ec380000)
  from space 3072K, 85% used [0x00000000ec680000,0x00000000ec90fb38,0x00000000ec980000)
  to   space 3072K, 0% used [0x00000000ec380000,0x00000000ec380000,0x00000000ec680000)
 ParOldGen       total 68608K, used 8061K [0x00000000c0000000, 0x00000000c4300000, 0x00000000eab00000)
  object space 68608K, 11% used [0x00000000c0000000,0x00000000c07df668,0x00000000c4300000)
 Metaspace       used 31207K, committed 31936K, reserved 1081344K
  class space    used 3149K, committed 3520K, reserved 1048576K
}
Event: 14.775 GC heap after
{Heap after GC invocations=8 (full 1):
 PSYoungGen      total 27648K, used 3021K [0x00000000eab00000, 0x00000000eca00000, 0x0000000100000000)
  eden space 24576K, 0% used [0x00000000eab00000,0x00000000eab00000,0x00000000ec300000)
  from space 3072K, 98% used [0x00000000ec380000,0x00000000ec673478,0x00000000ec680000)
  to   space 3584K, 0% used [0x00000000ec680000,0x00000000ec680000,0x00000000eca00000)
 ParOldGen       total 68608K, used 8069K [0x00000000c0000000, 0x00000000c4300000, 0x00000000eab00000)
  object space 68608K, 11% used [0x00000000c0000000,0x00000000c07e1668,0x00000000c4300000)
 Metaspace       used 31207K, committed 31936K, reserved 1081344K
  class space    used 3149K, committed 3520K, reserved 1048576K
}
Event: 15.931 GC heap before
{Heap before GC invocations=9 (full 1):
 PSYoungGen      total 27648K, used 27597K [0x00000000eab00000, 0x00000000eca00000, 0x0000000100000000)
  eden space 24576K, 100% used [0x00000000eab00000,0x00000000ec300000,0x00000000ec300000)
  from space 3072K, 98% used [0x00000000ec380000,0x00000000ec673478,0x00000000ec680000)
  to   space 3584K, 0% used [0x00000000ec680000,0x00000000ec680000,0x00000000eca00000)
 ParOldGen       total 68608K, used 8069K [0x00000000c0000000, 0x00000000c4300000, 0x00000000eab00000)
  object space 68608K, 11% used [0x00000000c0000000,0x00000000c07e1668,0x00000000c4300000)
 Metaspace       used 33553K, committed 34240K, reserved 1081344K
  class space    used 3414K, committed 3712K, reserved 1048576K
}
Event: 15.936 GC heap after
{Heap after GC invocations=9 (full 1):
 PSYoungGen      total 27136K, used 3581K [0x00000000eab00000, 0x00000000ecb80000, 0x0000000100000000)
  eden space 23552K, 0% used [0x00000000eab00000,0x00000000eab00000,0x00000000ec200000)
  from space 3584K, 99% used [0x00000000ec680000,0x00000000ec9ff7e0,0x00000000eca00000)
  to   space 4608K, 0% used [0x00000000ec200000,0x00000000ec200000,0x00000000ec680000)
 ParOldGen       total 68608K, used 8629K [0x00000000c0000000, 0x00000000c4300000, 0x00000000eab00000)
  object space 68608K, 12% used [0x00000000c0000000,0x00000000c086d698,0x00000000c4300000)
 Metaspace       used 33553K, committed 34240K, reserved 1081344K
  class space    used 3414K, committed 3712K, reserved 1048576K
}
Event: 16.453 GC heap before
{Heap before GC invocations=10 (full 1):
 PSYoungGen      total 27136K, used 17944K [0x00000000eab00000, 0x00000000ecb80000, 0x0000000100000000)
  eden space 23552K, 60% used [0x00000000eab00000,0x00000000eb906a30,0x00000000ec200000)
  from space 3584K, 99% used [0x00000000ec680000,0x00000000ec9ff7e0,0x00000000eca00000)
  to   space 4608K, 0% used [0x00000000ec200000,0x00000000ec200000,0x00000000ec680000)
 ParOldGen       total 68608K, used 8629K [0x00000000c0000000, 0x00000000c4300000, 0x00000000eab00000)
  object space 68608K, 12% used [0x00000000c0000000,0x00000000c086d698,0x00000000c4300000)
 Metaspace       used 35129K, committed 35840K, reserved 1081344K
  class space    used 3612K, committed 3968K, reserved 1048576K
}
Event: 16.460 GC heap after
{Heap after GC invocations=10 (full 1):
 PSYoungGen      total 25600K, used 1859K [0x00000000eab00000, 0x00000000ec880000, 0x0000000100000000)
  eden space 23552K, 0% used [0x00000000eab00000,0x00000000eab00000,0x00000000ec200000)
  from space 2048K, 90% used [0x00000000ec200000,0x00000000ec3d0ee8,0x00000000ec400000)
  to   space 3072K, 0% used [0x00000000ec580000,0x00000000ec580000,0x00000000ec880000)
 ParOldGen       total 68608K, used 10887K [0x00000000c0000000, 0x00000000c4300000, 0x00000000eab00000)
  object space 68608K, 15% used [0x00000000c0000000,0x00000000c0aa1d00,0x00000000c4300000)
 Metaspace       used 35129K, committed 35840K, reserved 1081344K
  class space    used 3612K, committed 3968K, reserved 1048576K
}
Event: 16.460 GC heap before
{Heap before GC invocations=11 (full 2):
 PSYoungGen      total 25600K, used 1859K [0x00000000eab00000, 0x00000000ec880000, 0x0000000100000000)
  eden space 23552K, 0% used [0x00000000eab00000,0x00000000eab00000,0x00000000ec200000)
  from space 2048K, 90% used [0x00000000ec200000,0x00000000ec3d0ee8,0x00000000ec400000)
  to   space 3072K, 0% used [0x00000000ec580000,0x00000000ec580000,0x00000000ec880000)
 ParOldGen       total 68608K, used 10887K [0x00000000c0000000, 0x00000000c4300000, 0x00000000eab00000)
  object space 68608K, 15% used [0x00000000c0000000,0x00000000c0aa1d00,0x00000000c4300000)
 Metaspace       used 35129K, committed 35840K, reserved 1081344K
  class space    used 3612K, committed 3968K, reserved 1048576K
}
Event: 16.511 GC heap after
{Heap after GC invocations=11 (full 2):
 PSYoungGen      total 25600K, used 0K [0x00000000eab00000, 0x00000000ec880000, 0x0000000100000000)
  eden space 23552K, 0% used [0x00000000eab00000,0x00000000eab00000,0x00000000ec200000)
  from space 2048K, 0% used [0x00000000ec200000,0x00000000ec200000,0x00000000ec400000)
  to   space 3072K, 0% used [0x00000000ec580000,0x00000000ec580000,0x00000000ec880000)
 ParOldGen       total 68608K, used 12299K [0x00000000c0000000, 0x00000000c4300000, 0x00000000eab00000)
  object space 68608K, 17% used [0x00000000c0000000,0x00000000c0c02e98,0x00000000c4300000)
 Metaspace       used 35129K, committed 35840K, reserved 1081344K
  class space    used 3612K, committed 3968K, reserved 1048576K
}
Event: 17.472 GC heap before
{Heap before GC invocations=12 (full 2):
 PSYoungGen      total 25600K, used 23552K [0x00000000eab00000, 0x00000000ec880000, 0x0000000100000000)
  eden space 23552K, 100% used [0x00000000eab00000,0x00000000ec200000,0x00000000ec200000)
  from space 2048K, 0% used [0x00000000ec200000,0x00000000ec200000,0x00000000ec400000)
  to   space 3072K, 0% used [0x00000000ec580000,0x00000000ec580000,0x00000000ec880000)
 ParOldGen       total 68608K, used 12299K [0x00000000c0000000, 0x00000000c4300000, 0x00000000eab00000)
  object space 68608K, 17% used [0x00000000c0000000,0x00000000c0c02e98,0x00000000c4300000)
 Metaspace       used 38674K, committed 39488K, reserved 1089536K
  class space    used 4063K, committed 4416K, reserved 1048576K
}
Event: 17.476 GC heap after
{Heap after GC invocations=12 (full 2):
 PSYoungGen      total 24576K, used 1216K [0x00000000eab00000, 0x00000000ec700000, 0x0000000100000000)
  eden space 23040K, 0% used [0x00000000eab00000,0x00000000eab00000,0x00000000ec180000)
  from space 1536K, 79% used [0x00000000ec580000,0x00000000ec6b0000,0x00000000ec700000)
  to   space 2048K, 0% used [0x00000000ec300000,0x00000000ec300000,0x00000000ec500000)
 ParOldGen       total 68608K, used 12307K [0x00000000c0000000, 0x00000000c4300000, 0x00000000eab00000)
  object space 68608K, 17% used [0x00000000c0000000,0x00000000c0c04e98,0x00000000c4300000)
 Metaspace       used 38674K, committed 39488K, reserved 1089536K
  class space    used 4063K, committed 4416K, reserved 1048576K
}

Dll operation events (10 events):
Event: 0.053 Loaded shared library c:\Users\dell\.vscode\extensions\redhat.java-1.16.0-win32-x64\jre\17.0.6-win32-x86_64\bin\java.dll
Event: 0.983 Loaded shared library c:\Users\dell\.vscode\extensions\redhat.java-1.16.0-win32-x64\jre\17.0.6-win32-x86_64\bin\zip.dll
Event: 0.995 Loaded shared library C:\Users\dell\.vscode\extensions\redhat.java-1.16.0-win32-x64\jre\17.0.6-win32-x86_64\bin\instrument.dll
Event: 1.051 Loaded shared library C:\Users\dell\.vscode\extensions\redhat.java-1.16.0-win32-x64\jre\17.0.6-win32-x86_64\bin\net.dll
Event: 1.054 Loaded shared library C:\Users\dell\.vscode\extensions\redhat.java-1.16.0-win32-x64\jre\17.0.6-win32-x86_64\bin\nio.dll
Event: 1.101 Loaded shared library C:\Users\dell\.vscode\extensions\redhat.java-1.16.0-win32-x64\jre\17.0.6-win32-x86_64\bin\zip.dll
Event: 1.146 Loaded shared library C:\Users\dell\.vscode\extensions\redhat.java-1.16.0-win32-x64\jre\17.0.6-win32-x86_64\bin\jimage.dll
Event: 1.500 Loaded shared library c:\Users\dell\.vscode\extensions\redhat.java-1.16.0-win32-x64\jre\17.0.6-win32-x86_64\bin\verify.dll
Event: 7.164 Loaded shared library C:\Users\dell\AppData\Roaming\Code\User\globalStorage\redhat.java\1.16.0\config_win\org.eclipse.equinox.launcher\org.eclipse.equinox.launcher.win32.win32.x86_64_1.2.700.v20221108-1024\eclipse_11801.dll
Event: 17.289 Loaded shared library C:\Users\dell\AppData\Local\Temp\jna-3079617\jna4272983268578562902.dll

Deoptimization events (20 events):
Event: 17.452 Thread 0x0000025b5187b420 Uncommon trap: trap_request=0xffffff45 fr.pc=0x0000025b45d95fd0 relative=0x0000000000000af0
Event: 17.452 Thread 0x0000025b5187b420 Uncommon trap: reason=unstable_if action=reinterpret pc=0x0000025b45d95fd0 method=jdk.internal.org.objectweb.asm.SymbolTable.put(Ljdk/internal/org/objectweb/asm/SymbolTable$Entry;)Ljdk/internal/org/objectweb/asm/SymbolTable$Entry; @ 13 c2
Event: 17.452 Thread 0x0000025b5187b420 DEOPT PACKING pc=0x0000025b45d95fd0 sp=0x000000a1b7efbcd0
Event: 17.452 Thread 0x0000025b5187b420 DEOPT UNPACKING pc=0x0000025b457666a3 sp=0x000000a1b7efbc18 mode 2
Event: 17.489 Thread 0x0000025b5187b420 Uncommon trap: trap_request=0xffffff76 fr.pc=0x0000025b45e365a8 relative=0x0000000000000668
Event: 17.489 Thread 0x0000025b5187b420 Uncommon trap: reason=predicate action=maybe_recompile pc=0x0000025b45e365a8 method=java.util.TreeMap.getEntryUsingComparator(Ljava/lang/Object;)Ljava/util/TreeMap$Entry; @ 19 c2
Event: 17.489 Thread 0x0000025b5187b420 DEOPT PACKING pc=0x0000025b45e365a8 sp=0x000000a1b7efca20
Event: 17.489 Thread 0x0000025b5187b420 DEOPT UNPACKING pc=0x0000025b457666a3 sp=0x000000a1b7efc940 mode 2
Event: 17.875 Thread 0x0000025b3b553c90 Uncommon trap: trap_request=0xffffff76 fr.pc=0x0000025b45e322d0 relative=0x0000000000000690
Event: 17.875 Thread 0x0000025b3b553c90 Uncommon trap: reason=predicate action=maybe_recompile pc=0x0000025b45e322d0 method=java.util.TreeMap.getEntryUsingComparator(Ljava/lang/Object;)Ljava/util/TreeMap$Entry; @ 19 c2
Event: 17.875 Thread 0x0000025b3b553c90 DEOPT PACKING pc=0x0000025b45e322d0 sp=0x000000a1b6afdfa0
Event: 17.875 Thread 0x0000025b3b553c90 DEOPT UNPACKING pc=0x0000025b457666a3 sp=0x000000a1b6afdf50 mode 2
Event: 18.137 Thread 0x0000025b3b553c90 Uncommon trap: trap_request=0xffffff45 fr.pc=0x0000025b45e096a4 relative=0x00000000000016c4
Event: 18.137 Thread 0x0000025b3b553c90 Uncommon trap: reason=unstable_if action=reinterpret pc=0x0000025b45e096a4 method=java.util.Properties.loadConvert([CIILjava/lang/StringBuilder;)Ljava/lang/String; @ 477 c2
Event: 18.137 Thread 0x0000025b3b553c90 DEOPT PACKING pc=0x0000025b45e096a4 sp=0x000000a1b6af9140
Event: 18.137 Thread 0x0000025b3b553c90 DEOPT UNPACKING pc=0x0000025b457666a3 sp=0x000000a1b6af9140 mode 2
Event: 18.239 Thread 0x0000025b528b6480 Uncommon trap: trap_request=0xffffff45 fr.pc=0x0000025b45dc6d34 relative=0x0000000000000cb4
Event: 18.239 Thread 0x0000025b528b6480 Uncommon trap: reason=unstable_if action=reinterpret pc=0x0000025b45dc6d34 method=java.util.Properties$LineReader.readLine()I @ 182 c2
Event: 18.239 Thread 0x0000025b528b6480 DEOPT PACKING pc=0x0000025b45dc6d34 sp=0x000000a1b83fe650
Event: 18.239 Thread 0x0000025b528b6480 DEOPT UNPACKING pc=0x0000025b457666a3 sp=0x000000a1b83fe5e8 mode 2

Classes unloaded (7 events):
Event: 11.158 Thread 0x0000025b4f359aa0 Unloading class 0x0000000100216400 'java/lang/invoke/LambdaForm$MH+0x0000000100216400'
Event: 11.158 Thread 0x0000025b4f359aa0 Unloading class 0x0000000100216000 'java/lang/invoke/LambdaForm$MH+0x0000000100216000'
Event: 11.158 Thread 0x0000025b4f359aa0 Unloading class 0x0000000100215c00 'java/lang/invoke/LambdaForm$MH+0x0000000100215c00'
Event: 11.158 Thread 0x0000025b4f359aa0 Unloading class 0x0000000100215800 'java/lang/invoke/LambdaForm$MH+0x0000000100215800'
Event: 11.158 Thread 0x0000025b4f359aa0 Unloading class 0x0000000100215000 'java/lang/invoke/LambdaForm$BMH+0x0000000100215000'
Event: 11.158 Thread 0x0000025b4f359aa0 Unloading class 0x0000000100214c00 'java/lang/invoke/LambdaForm$DMH+0x0000000100214c00'
Event: 11.158 Thread 0x0000025b4f359aa0 Unloading class 0x0000000100212000 'java/lang/invoke/LambdaForm$DMH+0x0000000100212000'

Classes redefined (0 events):
No events

Internal exceptions (20 events):
Event: 15.086 Thread 0x0000025b5187b420 Exception <a 'java/lang/ClassNotFoundException'{0x00000000eb63b128}: com/sun/org/apache/xerces/internal/impl/msg/spi/DOMMessagesProvider> (0x00000000eb63b128) 
thrown [s\src\hotspot\share\classfile\systemDictionary.cpp, line 256]
Event: 15.089 Thread 0x0000025b5187b420 Exception <a 'java/lang/ClassNotFoundException'{0x00000000eb656d28}: com/sun/org/apache/xerces/internal/impl/msg/spi/XMLSerializerMessagesProvider> (0x00000000eb656d28) 
thrown [s\src\hotspot\share\classfile\systemDictionary.cpp, line 256]
Event: 15.093 Thread 0x0000025b5187b420 Exception <a 'java/lang/ClassNotFoundException'{0x00000000eb663f60}: com/sun/org/apache/xerces/internal/impl/msg/spi/XMLMessagesProvider> (0x00000000eb663f60) 
thrown [s\src\hotspot\share\classfile\systemDictionary.cpp, line 256]
Event: 15.095 Thread 0x0000025b528b6480 Exception <a 'java/lang/NoClassDefFoundError'{0x00000000eb71cce8}: javax/enterprise/inject/Typed> (0x00000000eb71cce8) 
thrown [s\src\hotspot\share\classfile\systemDictionary.cpp, line 245]
Event: 15.232 Thread 0x0000025b5187b420 Exception <a 'java/lang/NoSuchMethodError'{0x00000000ebaf3508}: 'void java.lang.invoke.DirectMethodHandle$Holder.invokeVirtual(java.lang.Object, java.lang.Object)'> (0x00000000ebaf3508) 
thrown [s\src\hotspot\share\interpreter\linkResolver.cpp, line 759]
Event: 15.869 Thread 0x0000025b5187b420 Exception <a 'java/lang/NoSuchMethodError'{0x00000000ebfa3658}: 'java.lang.Object java.lang.invoke.DirectMethodHandle$Holder.invokeStaticInit(java.lang.Object, int, int, int, int)'> (0x00000000ebfa3658) 
thrown [s\src\hotspot\share\interpreter\linkResolver.cpp, line 759]
Event: 16.265 Thread 0x0000025b5187b420 Exception <a 'java/lang/NoSuchMethodError'{0x00000000eb37d9d8}: 'java.lang.Object java.lang.invoke.DirectMethodHandle$Holder.invokeStaticInit(java.lang.Object, java.lang.Object, int, int, int, int)'> (0x00000000eb37d9d8) 
thrown [s\src\hotspot\share\interpreter\linkResolver.cpp, line 759]
Event: 16.527 Thread 0x0000025b5187b420 Exception <a 'java/lang/ClassNotFoundException'{0x00000000eabf49b8}: com/sun/org/apache/xml/internal/serializer/spi/XMLEntitiesProvider> (0x00000000eabf49b8) 
thrown [s\src\hotspot\share\classfile\systemDictionary.cpp, line 256]
Event: 16.931 Thread 0x0000025b5187b420 Exception <a 'java/io/FileNotFoundException'{0x00000000eb703bd0}> (0x00000000eb703bd0) 
thrown [s\src\hotspot\share\prims\jni.cpp, line 516]
Event: 17.478 Thread 0x0000025b5187b420 Exception <a 'java/lang/UnsatisfiedLinkError'{0x00000000ec60f3e8}: The specified procedure could not be found.
> (0x00000000ec60f3e8) 
thrown [s\src\hotspot\share\prims\jni.cpp, line 535]
Event: 17.487 Thread 0x0000025b5187b420 Exception <a 'java/io/FileNotFoundException'{0x00000000eab22770}> (0x00000000eab22770) 
thrown [s\src\hotspot\share\prims\jni.cpp, line 516]
Event: 17.545 Thread 0x0000025b5187b420 Exception <a 'java/io/FileNotFoundException'{0x00000000eacd0c78}> (0x00000000eacd0c78) 
thrown [s\src\hotspot\share\prims\jni.cpp, line 516]
Event: 17.577 Thread 0x0000025b5187b420 Exception <a 'java/lang/UnsatisfiedLinkError'{0x00000000ead94cd8}: The specified procedure could not be found.
> (0x00000000ead94cd8) 
thrown [s\src\hotspot\share\prims\jni.cpp, line 535]
Event: 17.858 Thread 0x0000025b3b553c90 Exception <a 'sun/nio/fs/WindowsException'{0x00000000eb26ebe8}> (0x00000000eb26ebe8) 
thrown [s\src\hotspot\share\prims\jni.cpp, line 516]
Event: 18.157 Thread 0x0000025b528b6480 Exception <a 'java/lang/NoClassDefFoundError'{0x00000000eb88a990}: com/google/inject/servlet/ServletModuleTargetVisitor> (0x00000000eb88a990) 
thrown [s\src\hotspot\share\classfile\systemDictionary.cpp, line 245]
Event: 18.216 Thread 0x0000025b3b553c90 Exception <a 'java/lang/NoSuchMethodError'{0x00000000ebb0f108}: 'java.lang.Object java.lang.invoke.DirectMethodHandle$Holder.invokeStatic(java.lang.Object, java.lang.Object, long, java.lang.Object)'> (0x00000000ebb0f108) 
thrown [s\src\hotspot\share\interpreter\linkResolver.cpp, line 759]
Event: 18.217 Thread 0x0000025b3b553c90 Exception <a 'java/lang/NoSuchMethodError'{0x00000000ebb12ba0}: 'java.lang.Object java.lang.invoke.DirectMethodHandle$Holder.invokeStaticInit(java.lang.Object, java.lang.Object, long, java.lang.Object)'> (0x00000000ebb12ba0) 
thrown [s\src\hotspot\share\interpreter\linkResolver.cpp, line 759]
Event: 18.217 Thread 0x0000025b3b553c90 Exception <a 'java/lang/NoSuchMethodError'{0x00000000ebb19710}: 'java.lang.Object java.lang.invoke.DirectMethodHandle$Holder.newInvokeSpecial(java.lang.Object, java.lang.Object, long)'> (0x00000000ebb19710) 
thrown [s\src\hotspot\share\interpreter\linkResolver.cpp, line 759]
Event: 18.218 Thread 0x0000025b3b553c90 Exception <a 'java/lang/NoSuchMethodError'{0x00000000ebb1d150}: 'java.lang.Object java.lang.invoke.Invokers$Holder.linkToTargetMethod(java.lang.Object, long, java.lang.Object)'> (0x00000000ebb1d150) 
thrown [s\src\hotspot\share\interpreter\linkResolver.cpp, line 759]
Event: 18.389 Thread 0x0000025b3b553c90 Exception <a 'java/lang/NoSuchMethodError'{0x00000000ebd18aa0}: 'void java.lang.invoke.DirectMethodHandle$Holder.invokeStatic(java.lang.Object, java.lang.Object, java.lang.Object, java.lang.Object)'> (0x00000000ebd18aa0) 
thrown [s\src\hotspot\share\interpreter\linkResolver.cpp, line 759]

VM Operations (20 events):
Event: 16.215 Executing VM operation: HandshakeAllThreads
Event: 16.215 Executing VM operation: HandshakeAllThreads done
Event: 16.453 Executing VM operation: CollectForMetadataAllocation
Event: 16.511 Executing VM operation: CollectForMetadataAllocation done
Event: 16.645 Executing VM operation: HandshakeAllThreads
Event: 16.646 Executing VM operation: HandshakeAllThreads done
Event: 16.662 Executing VM operation: HandshakeAllThreads
Event: 16.662 Executing VM operation: HandshakeAllThreads done
Event: 17.085 Executing VM operation: HandshakeAllThreads
Event: 17.085 Executing VM operation: HandshakeAllThreads done
Event: 17.341 Executing VM operation: HandshakeAllThreads
Event: 17.355 Executing VM operation: HandshakeAllThreads done
Event: 17.358 Executing VM operation: HandshakeAllThreads
Event: 17.358 Executing VM operation: HandshakeAllThreads done
Event: 17.468 Executing VM operation: ParallelGCFailedAllocation
Event: 17.479 Executing VM operation: ParallelGCFailedAllocation done
Event: 17.672 Executing VM operation: HandshakeAllThreads
Event: 17.672 Executing VM operation: HandshakeAllThreads done
Event: 18.262 Executing VM operation: HandshakeAllThreads
Event: 18.262 Executing VM operation: HandshakeAllThreads done

Events (20 events):
Event: 17.870 loading class java/nio/file/StandardCopyOption done
Event: 17.870 loading class sun/nio/fs/WindowsFileCopy
Event: 17.871 loading class sun/nio/fs/WindowsFileCopy done
Event: 17.875 loading class java/util/concurrent/Executors$DefaultThreadFactory
Event: 17.875 loading class java/util/concurrent/Executors$DefaultThreadFactory done
Event: 17.904 loading class sun/reflect/generics/scope/MethodScope
Event: 17.904 loading class sun/reflect/generics/scope/MethodScope done
Event: 17.904 loading class sun/reflect/generics/repository/MethodRepository
Event: 17.904 loading class sun/reflect/generics/repository/MethodRepository done
Event: 17.911 loading class javax/xml/parsers/FactoryConfigurationError
Event: 17.912 loading class javax/xml/parsers/FactoryConfigurationError done
Event: 18.180 loading class java/lang/ProcessEnvironment$CheckedKeySet
Event: 18.180 loading class java/lang/ProcessEnvironment$CheckedKeySet done
Event: 18.214 loading class java/lang/ProcessHandle
Event: 18.214 loading class java/lang/ProcessHandle done
Event: 18.215 loading class java/lang/ProcessHandleImpl
Event: 18.215 loading class java/lang/ProcessHandleImpl done
Event: 18.362 Thread 0x0000025b528b9970 Thread added: 0x0000025b528b9970
Event: 18.391 loading class jdk/internal/vm/annotation/IntrinsicCandidate
Event: 18.391 loading class jdk/internal/vm/annotation/IntrinsicCandidate done


Dynamic libraries:
0x00007ff6783c0000 - 0x00007ff6783ce000 	c:\Users\dell\.vscode\extensions\redhat.java-1.16.0-win32-x64\jre\17.0.6-win32-x86_64\bin\java.exe
0x00007ffe997d0000 - 0x00007ffe999c8000 	C:\Windows\SYSTEM32\ntdll.dll
0x00007ffe97820000 - 0x00007ffe978df000 	C:\Windows\System32\KERNEL32.DLL
0x00007ffe97010000 - 0x00007ffe972e2000 	C:\Windows\System32\KERNELBASE.dll
0x00007ffe97640000 - 0x00007ffe97740000 	C:\Windows\System32\ucrtbase.dll
0x00007ffe8ebc0000 - 0x00007ffe8ebd7000 	c:\Users\dell\.vscode\extensions\redhat.java-1.16.0-win32-x64\jre\17.0.6-win32-x86_64\bin\jli.dll
0x00007ffe97f40000 - 0x00007ffe980e1000 	C:\Windows\System32\USER32.dll
0x00007ffe96fe0000 - 0x00007ffe97002000 	C:\Windows\System32\win32u.dll
0x00007ffe98da0000 - 0x00007ffe98dcb000 	C:\Windows\System32\GDI32.dll
0x00007ffe96ed0000 - 0x00007ffe96fdf000 	C:\Windows\System32\gdi32full.dll
0x00007ffe974a0000 - 0x00007ffe9753d000 	C:\Windows\System32\msvcp_win.dll
0x00007ffe849e0000 - 0x00007ffe849f9000 	c:\Users\dell\.vscode\extensions\redhat.java-1.16.0-win32-x64\jre\17.0.6-win32-x86_64\bin\VCRUNTIME140.dll
0x00007ffe7bf00000 - 0x00007ffe7c19a000 	C:\Windows\WinSxS\amd64_microsoft.windows.common-controls_6595b64144ccf1df_6.0.19041.1110_none_60b5254171f9507e\COMCTL32.dll
0x00007ffe98260000 - 0x00007ffe982fe000 	C:\Windows\System32\msvcrt.dll
0x00007ffe98b10000 - 0x00007ffe98b40000 	C:\Windows\System32\IMM32.DLL
0x00007ffe91f50000 - 0x00007ffe91f5c000 	c:\Users\dell\.vscode\extensions\redhat.java-1.16.0-win32-x64\jre\17.0.6-win32-x86_64\bin\vcruntime140_1.dll
0x00007ffe5d9d0000 - 0x00007ffe5da61000 	c:\Users\dell\.vscode\extensions\redhat.java-1.16.0-win32-x64\jre\17.0.6-win32-x86_64\bin\msvcp140.dll
0x00007ffe51860000 - 0x00007ffe524a7000 	c:\Users\dell\.vscode\extensions\redhat.java-1.16.0-win32-x64\jre\17.0.6-win32-x86_64\bin\server\jvm.dll
0x00007ffe996e0000 - 0x00007ffe9978e000 	C:\Windows\System32\ADVAPI32.dll
0x00007ffe980f0000 - 0x00007ffe9818c000 	C:\Windows\System32\sechost.dll
0x00007ffe98bc0000 - 0x00007ffe98ce4000 	C:\Windows\System32\RPCRT4.dll
0x00007ffe8f270000 - 0x00007ffe8f279000 	C:\Windows\SYSTEM32\WSOCK32.dll
0x00007ffe98190000 - 0x00007ffe981fb000 	C:\Windows\System32\WS2_32.dll
0x00007ffe778d0000 - 0x00007ffe778f7000 	C:\Windows\SYSTEM32\WINMM.dll
0x00007ffe8dd90000 - 0x00007ffe8dd9a000 	C:\Windows\SYSTEM32\VERSION.dll
0x00007ffe95720000 - 0x00007ffe95732000 	C:\Windows\SYSTEM32\kernel.appcore.dll
0x00007ffe8f1a0000 - 0x00007ffe8f1aa000 	c:\Users\dell\.vscode\extensions\redhat.java-1.16.0-win32-x64\jre\17.0.6-win32-x86_64\bin\jimage.dll
0x00007ffe85d10000 - 0x00007ffe85ef4000 	C:\Windows\SYSTEM32\DBGHELP.DLL
0x00007ffe744a0000 - 0x00007ffe744d5000 	C:\Windows\SYSTEM32\dbgcore.DLL
0x00007ffe975b0000 - 0x00007ffe97632000 	C:\Windows\System32\bcryptPrimitives.dll
0x00007ffe8f110000 - 0x00007ffe8f11e000 	c:\Users\dell\.vscode\extensions\redhat.java-1.16.0-win32-x64\jre\17.0.6-win32-x86_64\bin\instrument.dll
0x00007ffe847d0000 - 0x00007ffe847f5000 	c:\Users\dell\.vscode\extensions\redhat.java-1.16.0-win32-x64\jre\17.0.6-win32-x86_64\bin\java.dll
0x00007ffe833f0000 - 0x00007ffe83408000 	c:\Users\dell\.vscode\extensions\redhat.java-1.16.0-win32-x64\jre\17.0.6-win32-x86_64\bin\zip.dll
0x00007ffe98300000 - 0x00007ffe98a45000 	C:\Windows\System32\SHELL32.dll
0x00007ffe94f70000 - 0x00007ffe95702000 	C:\Windows\SYSTEM32\windows.storage.dll
0x00007ffe98dd0000 - 0x00007ffe99125000 	C:\Windows\System32\combase.dll
0x00007ffe96930000 - 0x00007ffe96960000 	C:\Windows\SYSTEM32\Wldp.dll
0x00007ffe98a50000 - 0x00007ffe98afd000 	C:\Windows\System32\SHCORE.dll
0x00007ffe99670000 - 0x00007ffe996c5000 	C:\Windows\System32\shlwapi.dll
0x00007ffe96e10000 - 0x00007ffe96e2f000 	C:\Windows\SYSTEM32\profapi.dll
0x00007ffe820d0000 - 0x00007ffe820e9000 	C:\Users\dell\.vscode\extensions\redhat.java-1.16.0-win32-x64\jre\17.0.6-win32-x86_64\bin\net.dll
0x00007ffe91950000 - 0x00007ffe91a5a000 	C:\Windows\SYSTEM32\WINHTTP.dll
0x00007ffe96620000 - 0x00007ffe9668a000 	C:\Windows\system32\mswsock.dll
0x00007ffe7bb30000 - 0x00007ffe7bb45000 	C:\Users\dell\.vscode\extensions\redhat.java-1.16.0-win32-x64\jre\17.0.6-win32-x86_64\bin\nio.dll
0x00007ffe85090000 - 0x00007ffe850a0000 	c:\Users\dell\.vscode\extensions\redhat.java-1.16.0-win32-x64\jre\17.0.6-win32-x86_64\bin\verify.dll
0x00007ffe67600000 - 0x00007ffe6763e000 	C:\Users\dell\AppData\Roaming\Code\User\globalStorage\redhat.java\1.16.0\config_win\org.eclipse.equinox.launcher\org.eclipse.equinox.launcher.win32.win32.x86_64_1.2.700.v20221108-1024\eclipse_11801.dll
0x00007ffe978e0000 - 0x00007ffe97a0a000 	C:\Windows\System32\ole32.dll
0x00007ffe96890000 - 0x00007ffe968a8000 	C:\Windows\SYSTEM32\CRYPTSP.dll
0x00007ffe95f40000 - 0x00007ffe95f74000 	C:\Windows\system32\rsaenh.dll
0x00007ffe977f0000 - 0x00007ffe97817000 	C:\Windows\System32\bcrypt.dll
0x00007ffe96dd0000 - 0x00007ffe96dfe000 	C:\Windows\SYSTEM32\USERENV.dll
0x00007ffe96880000 - 0x00007ffe9688c000 	C:\Windows\SYSTEM32\CRYPTBASE.dll
0x00007ffe96310000 - 0x00007ffe9634b000 	C:\Windows\SYSTEM32\IPHLPAPI.DLL
0x00007ffe97a70000 - 0x00007ffe97a78000 	C:\Windows\System32\NSI.dll
0x00007ffe85850000 - 0x00007ffe85867000 	C:\Windows\SYSTEM32\dhcpcsvc6.DLL
0x00007ffe85f90000 - 0x00007ffe85fad000 	C:\Windows\SYSTEM32\dhcpcsvc.DLL
0x00007ffe96350000 - 0x00007ffe9641b000 	C:\Windows\SYSTEM32\DNSAPI.dll
0x00007ffe5dde0000 - 0x00007ffe5de25000 	C:\Users\dell\AppData\Local\Temp\jna-3079617\jna4272983268578562902.dll
0x00007ffe996d0000 - 0x00007ffe996d8000 	C:\Windows\System32\PSAPI.DLL

dbghelp: loaded successfully - version: 4.0.5 - missing functions: none
symbol engine: initialized successfully - sym options: 0x614 - pdb path: .;c:\Users\dell\.vscode\extensions\redhat.java-1.16.0-win32-x64\jre\17.0.6-win32-x86_64\bin;C:\Windows\SYSTEM32;C:\Windows\WinSxS\amd64_microsoft.windows.common-controls_6595b64144ccf1df_6.0.19041.1110_none_60b5254171f9507e;c:\Users\dell\.vscode\extensions\redhat.java-1.16.0-win32-x64\jre\17.0.6-win32-x86_64\bin\server;C:\Users\dell\AppData\Roaming\Code\User\globalStorage\redhat.java\1.16.0\config_win\org.eclipse.equinox.launcher\org.eclipse.equinox.launcher.win32.win32.x86_64_1.2.700.v20221108-1024;C:\Users\dell\AppData\Local\Temp\jna-3079617

VM Arguments:
jvm_args: --add-modules=ALL-SYSTEM --add-opens=java.base/java.util=ALL-UNNAMED --add-opens=java.base/java.lang=ALL-UNNAMED --add-opens=java.base/sun.nio.fs=ALL-UNNAMED -Declipse.application=org.eclipse.jdt.ls.core.id1 -Dosgi.bundles.defaultStartLevel=4 -Declipse.product=org.eclipse.jdt.ls.core.product -Djava.import.generatesMetadataFilesAtProjectRoot=false -Dfile.encoding=utf8 -XX:+UseParallelGC -XX:GCTimeRatio=4 -XX:AdaptiveSizePolicyWeight=90 -Dsun.zip.disableMemoryMapping=true -Xmx1G -Xms100m -Xlog:disable -javaagent:c:\Users\dell\.vscode\extensions\redhat.java-1.16.0-win32-x64\lombok\lombok-1.18.24.jar -XX:+HeapDumpOnOutOfMemoryError -XX:HeapDumpPath=c:\Users\dell\AppData\Roaming\Code\User\workspaceStorage\dae59d9cafb117707c20a1bda276f9ce\redhat.java 
java_command: c:\Users\dell\.vscode\extensions\redhat.java-1.16.0-win32-x64\server\plugins\org.eclipse.equinox.launcher_1.6.400.v20210924-0641.jar -configuration c:\Users\dell\AppData\Roaming\Code\User\globalStorage\redhat.java\1.16.0\config_win -data c:\Users\dell\AppData\Roaming\Code\User\workspaceStorage\dae59d9cafb117707c20a1bda276f9ce\redhat.java\jdt_ws
java_class_path (initial): c:\Users\dell\.vscode\extensions\redhat.java-1.16.0-win32-x64\server\plugins\org.eclipse.equinox.launcher_1.6.400.v20210924-0641.jar
Launcher Type: SUN_STANDARD

[Global flags]
    uintx AdaptiveSizePolicyWeight                 = 90                                        {product} {command line}
     intx CICompilerCount                          = 3                                         {product} {ergonomic}
    uintx GCTimeRatio                              = 4                                         {product} {command line}
     bool HeapDumpOnOutOfMemoryError               = true                                   {manageable} {command line}
    ccstr HeapDumpPath                             = c:\Users\dell\AppData\Roaming\Code\User\workspaceStorage\dae59d9cafb117707c20a1bda276f9ce\redhat.java         {manageable} {command line}
   size_t InitialHeapSize                          = 104857600                                 {product} {command line}
   size_t MaxHeapSize                              = 1073741824                                {product} {command line}
   size_t MaxNewSize                               = 357564416                                 {product} {ergonomic}
   size_t MinHeapDeltaBytes                        = 524288                                    {product} {ergonomic}
   size_t MinHeapSize                              = 104857600                                 {product} {command line}
   size_t NewSize                                  = 34603008                                  {product} {ergonomic}
    uintx NonNMethodCodeHeapSize                   = 5832780                                {pd product} {ergonomic}
    uintx NonProfiledCodeHeapSize                  = 122912730                              {pd product} {ergonomic}
   size_t OldSize                                  = 70254592                                  {product} {ergonomic}
    uintx ProfiledCodeHeapSize                     = 122912730                              {pd product} {ergonomic}
    uintx ReservedCodeCacheSize                    = 251658240                              {pd product} {ergonomic}
     bool SegmentedCodeCache                       = true                                      {product} {ergonomic}
   size_t SoftMaxHeapSize                          = 1073741824                             {manageable} {ergonomic}
     bool UseCompressedClassPointers               = true                           {product lp64_product} {ergonomic}
     bool UseCompressedOops                        = true                           {product lp64_product} {ergonomic}
     bool UseLargePagesIndividualAllocation        = false                                  {pd product} {ergonomic}
     bool UseParallelGC                            = true                                      {product} {command line}

Logging:
Log output configuration:
 #0: stdout all=off uptime,level,tags
 #1: stderr all=off uptime,level,tags

Environment Variables:
JAVA_HOME=C:\Program Files\Java\jdk-11.0.16.1
PATH=C:\Program Files\Common Files\Oracle\Java\javapath;C:\Python310\Scripts\;C:\Python310\;C:\Program Files\Java\jdk-11.0.16.1\bin;C:\Program Files\Java\jdk1.8.0_261\bin;C:\Windows\system32;C:\Windows;C:\Windows\System32\Wbem;C:\Windows\System32\WindowsPowerShell\v1.0\;C:\Windows\System32\OpenSSH\;C:\Program Files\dotnet\;C:\Program Files\Microsoft SQL Server\130\Tools\Binn\;C:\Program Files\Microsoft SQL Server\Client SDK\ODBC\170\Tools\Binn\;C:\Lecture\Java;C:\Lecture\Java;C:\Program Files\Git\cmd;C:\ProgramData\chocolatey\bin;C:\mingw64\bin;C:\Program Files\nodejs\;C:\Program Files\MySQL\MySQL Shell 8.0\bin\;C:\Users\dell\AppData\Local\Microsoft\WindowsApps;C:\Users\dell\.dotnet\tools;C:\mingw64\bin;C:\Program Files\Java\jdk-11.0.16.1\bin;C:\Program Files\Java\jdk1.8.0_261\bin;C:\Lecture\Java;D:\application\Borland C++ 5.02;C:\Users\dell\AppData\Local\Programs\Microsoft VS Code\bin;C:\mingw64\bin;C:\Program Files\JetBrains\IntelliJ IDEA 2022.3\bin;;C:\Users\dell\AppData\Local\JetBrains\apache-maven-3.8.6\bin;C:\Users\dell\AppData\Roaming\npm
USERNAME=dell
OS=Windows_NT
PROCESSOR_IDENTIFIER=Intel64 Family 6 Model 142 Stepping 12, GenuineIntel
TMP=C:\Users\dell\AppData\Local\Temp
TEMP=C:\Users\dell\AppData\Local\Temp



---------------  S Y S T E M  ---------------

OS:
 Windows 10 , 64 bit Build 19041 (10.0.19041.2546)
OS uptime: 6 days 7:05 hours

CPU: total 4 (initial active 4) (2 cores per cpu, 2 threads per core) family 6 model 142 stepping 12 microcode 0xde, cx8, cmov, fxsr, ht, mmx, 3dnowpref, sse, sse2, sse3, ssse3, sse4.1, sse4.2, popcnt, lzcnt, tsc, tscinvbit, avx, avx2, aes, erms, clmul, bmi1, bmi2, adx, fma, vzeroupper, clflush, clflushopt

Memory: 4k page, system-wide physical 3857M (276M free)
TotalPageFile size 15633M (AvailPageFile size 5M)
current process WorkingSet (physical memory assigned to process): 150M, peak: 156M
current process commit charge ("private bytes"): 249M, peak: 251M

vm_info: OpenJDK 64-Bit Server VM (17.0.6+10) for windows-amd64 JRE (17.0.6+10), built on Jan 18 2023 10:08:59 by "temurin" with MS VC++ 16.7 (VS2019)

END.
